[2025-06-24 08:55:39] Starting rainfall data comparison
[2025-06-24 08:55:39] 
Files only in added directory:
[2025-06-24 08:55:39]   - GML_SMO.csv
[2025-06-24 08:55:39]   - aasu_UH.csv
[2025-06-24 08:55:39]   - afono_UH.csv
[2025-06-24 08:55:39]   - aunuu_UH.csv
[2025-06-24 08:55:39]   - poloa_UH.csv
[2025-06-24 08:55:39]   - vaipito_UH.csv
[2025-06-24 08:55:39] 
Found 21 common files to compare

[2025-06-24 08:55:39] 
Comparing aunuu.csv:
[2025-06-24 08:55:39]   Found 1926 common dates between files
[2025-06-24 08:55:39]   All common dates have matching values
[2025-06-24 08:55:39]   Found 265 dates only in added file
[2025-06-24 08:55:39] 
Comparing malaeimi_1691.csv:
[2025-06-24 08:55:39]   Found 6611 common dates between files
[2025-06-24 08:55:39]   All common dates have matching values
[2025-06-24 08:55:39]   Found 329 dates only in added file
[2025-06-24 08:55:39] 
Comparing mt_alava.csv:
[2025-06-24 08:55:39]   Found 824 common dates between files
[2025-06-24 08:55:39]   All common dates have matching values
[2025-06-24 08:55:39]   Found 272 dates only in added file
[2025-06-24 08:55:39] 
Comparing toa_ridge_WRCC.csv:
[2025-06-24 08:55:39]   Found 4598 common dates between files
[2025-06-24 08:55:39]   All common dates have matching values
[2025-06-24 08:55:39]   Found 151 dates only in added file
[2025-06-24 08:55:39] 
Comparing airport80.csv:
[2025-06-24 08:55:39]   Found 3286 common dates between files
[2025-06-24 08:55:39]   All common dates have matching values
[2025-06-24 08:55:39]   Found 367 dates only in added file
[2025-06-24 08:55:39] 
Comparing aasufou90.csv:
[2025-06-24 08:55:39]   Found 341 common dates between files
[2025-06-24 08:55:39]   All common dates have matching values
[2025-06-24 08:55:39]   Found 390 dates only in added file
[2025-06-24 08:55:39] 
Comparing siufaga_WRCC.csv:
[2025-06-24 08:55:39]   Found 4229 common dates between files
[2025-06-24 08:55:39]   All common dates have matching values
[2025-06-24 08:55:39]   Found 520 dates only in added file
[2025-06-24 08:55:39] 
Comparing malaeimi.csv:
[2025-06-24 08:55:39]   Found 426 common dates between files
[2025-06-24 08:55:39]   All common dates have matching values
[2025-06-24 08:55:39]   Found 305 dates only in added file
[2025-06-24 08:55:39] 
Comparing maloata.csv:
[2025-06-24 08:55:39]   Found 423 common dates between files
[2025-06-24 08:55:39]   All common dates have matching values
[2025-06-24 08:55:39]   Found 308 dates only in added file
[2025-06-24 08:55:39] 
Comparing aasufou80.csv:
[2025-06-24 08:55:39]   Found 7463 common dates between files
[2025-06-24 08:55:39]   All common dates have matching values
[2025-06-24 08:55:39]   Found 208 dates only in added file
[2025-06-24 08:55:39] 
Comparing masefau.csv:
[2025-06-24 08:55:39]   Found 866 common dates between files
[2025-06-24 08:55:39]   All common dates have matching values
[2025-06-24 08:55:39]   Found 595 dates only in added file
[2025-06-24 08:55:39] 
Comparing vaipito_res.csv:
[2025-06-24 08:55:39]   Found 6945 common dates between files
[2025-06-24 08:55:39]   All common dates have matching values
[2025-06-24 08:55:39]   Found 360 dates only in added file
[2025-06-24 08:55:39] 
Comparing satala.csv:
[2025-06-24 08:55:39]   Found 3952 common dates between files
[2025-06-24 08:55:39]   All common dates have matching values
[2025-06-24 08:55:39]   Found 431 dates only in added file
[2025-06-24 08:55:39] 
Comparing fagaitua.csv:
[2025-06-24 08:55:39]   Found 3951 common dates between files
[2025-06-24 08:55:39]   All common dates have matching values
[2025-06-24 08:55:39]   Found 432 dates only in added file
[2025-06-24 08:55:39] 
Comparing airport5101.csv:
[2025-06-24 08:55:39]   Found 1764 common dates between files
[2025-06-24 08:55:39]   All common dates have matching values
[2025-06-24 08:55:39]   Found 428 dates only in added file
[2025-06-24 08:55:39] 
Comparing aua.csv:
[2025-06-24 08:55:39]   Found 1050 common dates between files
[2025-06-24 08:55:39]   All common dates have matching values
[2025-06-24 08:55:39]   Found 411 dates only in added file
[2025-06-24 08:55:39] 
Comparing iliili.csv:
[2025-06-24 08:55:39]   Found 346 common dates between files
[2025-06-24 08:55:39]   Found 152 dates with different values
[2025-06-24 08:55:39]   First 10 differences (if any):
[2025-06-24 08:55:39]     08/04/2000: original=0.059055118, added=0.07086618, factor=0.83x
[2025-06-24 08:55:39]     08/05/2000: original=0.137795277, added=0.1181103, factor=1.17x
[2025-06-24 08:55:39]     11/14/2000: original=1.118110238, added=1.11023682, factor=1.01x
[2025-06-24 08:55:39]     11/16/2000: original=0.263779527, added=0.2598426599999999, factor=1.02x
[2025-06-24 08:55:39]     11/17/2000: original=0.244094488, added=0.2401576099999999, factor=1.02x
[2025-06-24 08:55:39]     11/18/2000: original=1.232283464, added=1.2716542299999998, factor=0.97x
[2025-06-24 08:55:39]     11/19/2000: original=0.185039371, added=0.14173236, factor=1.31x
[2025-06-24 08:55:39]     11/20/2000: original=1.456692913, added=1.4685047299999998, factor=0.99x
[2025-06-24 08:55:39]     11/21/2000: original=1.106299212, added=1.09055177, factor=1.01x
[2025-06-24 08:55:39]     11/22/2000: original=0.562992126, added=0.55905542, factor=1.01x
[2025-06-24 08:55:39] 
  Full difference summary:
[2025-06-24 08:55:39]   Date,Original,Added,Factor
[2025-06-24 08:55:39]   08/04/2000,0.059055118,0.07086618,0.83x
[2025-06-24 08:55:39]   08/05/2000,0.137795277,0.1181103,1.17x
[2025-06-24 08:55:39]   11/14/2000,1.118110238,1.11023682,1.01x
[2025-06-24 08:55:39]   11/16/2000,0.263779527,0.2598426599999999,1.02x
[2025-06-24 08:55:39]   11/17/2000,0.244094488,0.2401576099999999,1.02x
[2025-06-24 08:55:39]   11/18/2000,1.232283464,1.2716542299999998,0.97x
[2025-06-24 08:55:39]   11/19/2000,0.185039371,0.14173236,1.31x
[2025-06-24 08:55:39]   11/20/2000,1.456692913,1.4685047299999998,0.99x
[2025-06-24 08:55:39]   11/21/2000,1.106299212,1.09055177,1.01x
[2025-06-24 08:55:39]   11/22/2000,0.562992126,0.55905542,1.01x
[2025-06-24 08:55:39]   11/24/2000,0.023622048,0.0118110299999999,2.00x
[2025-06-24 08:55:39]   11/28/2000,0.019685039,0.0787402,0.25x
[2025-06-24 08:55:39]   11/29/2000,0.153543307,0.0905512299999999,1.70x
[2025-06-24 08:55:39]   12/01/2000,0.133858268,0.1299213299999999,1.03x
[2025-06-24 08:55:39]   12/03/2000,0.0,0.2204725599999999,0.00x
[2025-06-24 08:55:39]   12/04/2000,0.271653543,0.05118113,5.31x
[2025-06-24 08:55:39]   12/05/2000,0.066929135,0.05905515,1.13x
[2025-06-24 08:55:39]   12/06/2000,0.196850394,0.1889764799999999,1.04x
[2025-06-24 08:55:39]   12/09/2000,0.047244096,0.0393701,1.20x
[2025-06-24 08:55:39]   12/13/2000,0.342519685,0.33858286,1.01x
[2025-06-24 08:55:39]   12/14/2000,0.342519686,0.33858286,1.01x
[2025-06-24 08:55:39]   12/16/2000,0.425196851,0.4291340899999999,0.99x
[2025-06-24 08:55:39]   12/17/2000,0.031496063,0.01968505,1.60x
[2025-06-24 08:55:39]   12/21/2000,0.472440946,0.46850419,1.01x
[2025-06-24 08:55:39]   12/24/2000,0.212598426,0.2086615299999999,1.02x
[2025-06-24 08:55:39]   12/29/2000,0.192913386,0.1889764799999999,1.02x
[2025-06-24 08:55:39]   01/03/2001,0.125984253,0.1181103,1.07x
[2025-06-24 08:55:39]   01/05/2001,0.082677166,0.0787402,1.05x
[2025-06-24 08:55:39]   01/08/2001,1.255905512,1.24803217,1.01x
[2025-06-24 08:55:39]   01/11/2001,0.043307087,0.0393701,1.10x
[2025-06-24 08:55:39]   01/12/2001,0.082677165,0.0787402,1.05x
[2025-06-24 08:55:39]   01/13/2001,0.24015748,0.33858286,0.71x
[2025-06-24 08:55:39]   01/14/2001,0.122047245,0.01968505,6.20x
[2025-06-24 08:55:39]   01/18/2001,0.614173229,0.61023655,1.01x
[2025-06-24 08:55:39]   01/19/2001,0.023622048,0.01968505,1.20x
[2025-06-24 08:55:39]   01/21/2001,0.212598426,0.2086615299999999,1.02x
[2025-06-24 08:55:39]   01/24/2001,0.082677165,0.0787402,1.05x
[2025-06-24 08:55:39]   01/25/2001,0.311023622,1.0000005399999998,0.31x
[2025-06-24 08:55:39]   01/26/2001,1.2007874,0.5118113,2.35x
[2025-06-24 08:55:39]   01/29/2001,0.133858268,0.1614174099999999,0.83x
[2025-06-24 08:55:39]   01/30/2001,0.043307087,0.0118110299999999,3.67x
[2025-06-24 08:55:39]   02/02/2001,0.622047244,0.6181105699999999,1.01x
[2025-06-24 08:55:39]   02/03/2001,0.807086614,1.07086672,0.75x
[2025-06-24 08:55:39]   02/04/2001,0.492125984,0.22834658,2.16x
[2025-06-24 08:55:39]   02/07/2001,0.303149607,0.2992127599999999,1.01x
[2025-06-24 08:55:39]   02/08/2001,0.192913385,0.1889764799999999,1.02x
[2025-06-24 08:55:39]   02/09/2001,0.523622048,0.5196853199999999,1.01x
[2025-06-24 08:55:39]   02/12/2001,0.122047244,0.1496063799999999,0.82x
[2025-06-24 08:55:39]   02/13/2001,1.807086613,1.83070965,0.99x
[2025-06-24 08:55:39]   02/14/2001,1.027559057,0.96063044,1.07x
[2025-06-24 08:55:39]   02/16/2001,0.287401574,0.29133874,0.99x
[2025-06-24 08:55:39]   02/20/2001,0.653543307,0.64960665,1.01x
[2025-06-24 08:55:39]   02/22/2001,0.362204725,0.3582679099999999,1.01x
[2025-06-24 08:55:39]   02/26/2001,2.574803151,2.6692927799999997,0.96x
[2025-06-24 08:55:39]   02/27/2001,1.791338584,1.68110327,1.07x
[2025-06-24 08:55:39]   02/28/2001,0.874015749,0.8818902399999999,0.99x
[2025-06-24 08:55:39]   03/01/2001,1.185039371,1.16929197,1.01x
[2025-06-24 08:55:39]   03/02/2001,1.535433072,1.77952852,0.86x
[2025-06-24 08:55:39]   03/03/2001,0.81496063,0.55905542,1.46x
[2025-06-24 08:55:39]   03/04/2001,0.011811024,0.1496063799999999,0.08x
[2025-06-24 08:55:39]   03/05/2001,2.594488189,2.46063125,1.05x
[2025-06-24 08:55:39]   03/06/2001,0.114173229,0.0984252499999999,1.16x
[2025-06-24 08:55:39]   03/07/2001,0.507874016,0.5118113,0.99x
[2025-06-24 08:55:39]   03/08/2001,0.192913386,0.1889764799999999,1.02x
[2025-06-24 08:55:39]   03/10/2001,0.322834646,0.3188978099999999,1.01x
[2025-06-24 08:55:39]   03/11/2001,0.0,0.01968505,0.00x
[2025-06-24 08:55:39]   03/12/2001,0.098425196,0.0787402,1.25x
[2025-06-24 08:55:39]   03/13/2001,0.25984252,0.25196864,1.03x
[2025-06-24 08:55:39]   05/03/2001,0.11023622,0.1299213299999999,0.85x
[2025-06-24 08:55:39]   05/04/2001,0.96456693,0.94881941,1.02x
[2025-06-24 08:55:39]   05/05/2001,0.07480315,0.05905515,1.27x
[2025-06-24 08:55:39]   05/07/2001,0.102362205,0.0984252499999999,1.04x
[2025-06-24 08:55:39]   05/11/2001,0.251968505,0.2598426599999999,0.97x
[2025-06-24 08:55:39]   05/12/2001,0.633858267,0.6299216,1.01x
[2025-06-24 08:55:39]   05/13/2001,1.090551181,1.07874074,1.01x
[2025-06-24 08:55:39]   05/17/2001,0.196850394,0.1889764799999999,1.04x
[2025-06-24 08:55:39]   05/24/2001,0.692913386,0.6889767499999999,1.01x
[2025-06-24 08:55:39]   05/28/2001,0.161417322,0.16929143,0.95x
[2025-06-24 08:55:39]   05/29/2001,0.011811024,0.0,infx
[2025-06-24 08:55:39]   05/30/2001,0.062992126,0.05905515,1.07x
[2025-06-24 08:55:39]   06/02/2001,0.043307087,0.0393701,1.10x
[2025-06-24 08:55:39]   06/03/2001,0.177165355,0.16929143,1.05x
[2025-06-24 08:55:39]   06/23/2001,0.153543307,0.1496063799999999,1.03x
[2025-06-24 08:55:39]   06/28/2001,0.043307087,0.0393701,1.10x
[2025-06-24 08:55:39]   07/15/2001,0.055118111,0.03149608,1.75x
[2025-06-24 08:55:39]   07/24/2001,0.059055118,0.0787402,0.75x
[2025-06-24 08:55:39]   07/25/2001,1.456692912,1.5118118399999998,0.96x
[2025-06-24 08:55:39]   07/26/2001,0.44488189,0.37007894,1.20x
[2025-06-24 08:55:39]   08/04/2001,0.503937008,0.57874047,0.87x
[2025-06-24 08:55:39]   08/05/2001,0.303149606,0.2204725599999999,1.37x
[2025-06-24 08:55:39]   08/06/2001,0.039370078,0.0787402,0.50x
[2025-06-24 08:55:39]   08/07/2001,0.33464567,0.29133874,1.15x
[2025-06-24 08:55:39]   08/12/2001,0.023622048,0.01968505,1.20x
[2025-06-24 08:55:39]   08/14/2001,0.37007874,0.3818899699999999,0.97x
[2025-06-24 08:55:39]   08/15/2001,0.350393701,0.33070884,1.06x
[2025-06-24 08:55:39]   08/17/2001,0.562992126,0.5905515,0.95x
[2025-06-24 08:55:39]   08/18/2001,0.303149606,0.27165369,1.12x
[2025-06-24 08:55:39]   08/19/2001,0.133858268,0.14173236,0.94x
[2025-06-24 08:55:39]   08/20/2001,1.755905514,1.74015842,1.01x
[2025-06-24 08:55:39]   08/21/2001,0.240157481,0.22834658,1.05x
[2025-06-24 08:55:39]   08/31/2001,0.46456693,0.4606301699999999,1.01x
[2025-06-24 08:55:39]   09/01/2001,0.224409449,0.2204725599999999,1.02x
[2025-06-24 08:55:39]   09/02/2001,0.165354331,0.1614174099999999,1.02x
[2025-06-24 08:55:39]   09/06/2001,0.224409449,0.2204725599999999,1.02x
[2025-06-24 08:55:39]   09/07/2001,0.570866142,0.6889767499999999,0.83x
[2025-06-24 08:55:39]   09/08/2001,0.267716537,0.2086615299999999,1.28x
[2025-06-24 08:55:39]   09/09/2001,0.082677166,0.0118110299999999,7.00x
[2025-06-24 08:55:39]   09/13/2001,0.023622048,0.01968505,1.20x
[2025-06-24 08:55:39]   09/14/2001,0.102362205,0.0984252499999999,1.04x
[2025-06-24 08:55:39]   09/20/2001,0.011811024,0.03149608,0.37x
[2025-06-24 08:55:39]   09/21/2001,2.12992126,2.11023736,1.01x
[2025-06-24 08:55:39]   09/24/2001,0.244094489,0.2401576099999999,1.02x
[2025-06-24 08:55:39]   09/27/2001,0.118110237,0.0984252499999999,1.20x
[2025-06-24 08:55:39]   09/28/2001,0.429133858,0.4212600699999999,1.02x
[2025-06-24 08:55:39]   09/29/2001,0.055118111,0.05118113,1.08x
[2025-06-24 08:55:39]   09/30/2001,0.125984253,0.1181103,1.07x
[2025-06-24 08:55:39]   10/01/2001,2.440944882,2.5590565,0.95x
[2025-06-24 08:55:39]   10/02/2001,0.165354332,0.05118113,3.23x
[2025-06-24 08:55:39]   10/03/2001,0.366141732,0.38976399,0.94x
[2025-06-24 08:55:39]   10/04/2001,2.086614174,2.03937118,1.02x
[2025-06-24 08:55:39]   10/12/2001,0.283464567,0.27952771,1.01x
[2025-06-24 08:55:39]   10/14/2001,0.633858268,0.64173263,0.99x
[2025-06-24 08:55:39]   10/15/2001,0.043307087,0.03149608,1.37x
[2025-06-24 08:55:39]   10/17/2001,0.011811024,0.0905512299999999,0.13x
[2025-06-24 08:55:39]   10/18/2001,0.196850393,0.1299213299999999,1.52x
[2025-06-24 08:55:39]   10/19/2001,0.102362205,0.0905512299999999,1.13x
[2025-06-24 08:55:39]   10/25/2001,0.062992127,0.05905515,1.07x
[2025-06-24 08:55:39]   10/26/2001,1.527559055,1.61811111,0.94x
[2025-06-24 08:55:39]   10/27/2001,0.629921261,0.53149635,1.19x
[2025-06-24 08:55:39]   10/30/2001,0.275590552,0.27165369,1.01x
[2025-06-24 08:55:39]   11/02/2001,0.031496063,0.0393701,0.80x
[2025-06-24 08:55:39]   11/03/2001,0.464566931,0.4606301699999999,1.01x
[2025-06-24 08:55:39]   11/05/2001,0.062992126,0.0393701,1.60x
[2025-06-24 08:55:39]   11/06/2001,0.12992126,0.14173236,0.92x
[2025-06-24 08:55:39]   11/07/2001,0.011811024,0.0,infx
[2025-06-24 08:55:39]   11/08/2001,0.173228346,0.16929143,1.02x
[2025-06-24 08:55:39]   11/09/2001,0.062992126,0.05905515,1.07x
[2025-06-24 08:55:39]   11/10/2001,1.543307088,2.59055258,0.60x
[2025-06-24 08:55:39]   11/11/2001,2.633858266,1.57874101,1.67x
[2025-06-24 08:55:39]   11/12/2001,0.248031496,0.25196864,0.98x
[2025-06-24 08:55:39]   11/15/2001,0.035433072,0.03149608,1.12x
[2025-06-24 08:55:39]   11/20/2001,0.051181102,0.1102362799999999,0.46x
[2025-06-24 08:55:39]   11/21/2001,0.279527559,0.2204725599999999,1.27x
[2025-06-24 08:55:39]   11/24/2001,1.086614174,1.07874074,1.01x
[2025-06-24 08:55:39]   11/25/2001,0.114173229,0.1102362799999999,1.04x
[2025-06-24 08:55:39]   11/30/2001,0.531496064,0.53937037,0.99x
[2025-06-24 08:55:39]   12/01/2001,0.283464567,0.27165369,1.04x
[2025-06-24 08:55:39]   12/04/2001,1.948818898,1.9606309799999997,0.99x
[2025-06-24 08:55:39]   12/05/2001,0.055118111,0.1496063799999999,0.37x
[2025-06-24 08:55:39]   12/06/2001,2.75984252,2.62992268,1.05x
[2025-06-24 08:55:39]   12/07/2001,0.57480315,0.57086645,1.01x
[2025-06-24 08:55:39]   12/09/2001,0.283464567,0.27165369,1.04x
[2025-06-24 08:55:39]   Found 385 dates only in added file
[2025-06-24 08:55:39] 
Comparing pioa_afono.csv:
[2025-06-24 08:55:39]   Found 6293 common dates between files
[2025-06-24 08:55:39]   All common dates have matching values
[2025-06-24 08:55:39]   Found 282 dates only in added file
[2025-06-24 08:55:39] 
Comparing matatula.csv:
[2025-06-24 08:55:39]   Found 396 common dates between files
[2025-06-24 08:55:39]   All common dates have matching values
[2025-06-24 08:55:39]   Found 334 dates only in added file
[2025-06-24 08:55:39] 
Comparing aoloafou.csv:
[2025-06-24 08:55:39]   Found 3020 common dates between files
[2025-06-24 08:55:39]   All common dates have matching values
[2025-06-24 08:55:39]   Found 268 dates only in added file
[2025-06-24 08:55:39] 
Comparing vaipito2000.csv:
[2025-06-24 08:55:39]   Found 12236 common dates between files
[2025-06-24 08:55:39]   All common dates have matching values
[2025-06-24 08:55:40]   Found 1 dates only in added file
[2025-06-24 08:55:40] 
Comparison complete!
