PROGRESS: 1/6 - Setting up environment
PROGRESS: 2/6 - Processing DEM data
PROGRESS: 3/6 - Processing climate data
PROGRESS: 4/6 - Processing rainfall data
PROGRESS: 5/6 - Generating training data
PROGRESS: 6/6 - Converting H5 data to CSV format
PROGRESS: 1/6 - Setting up environment
PROGRESS: 2/6 - Processing DEM data
PROGRESS: 3/6 - Processing climate data
PROGRESS: 4/6 - Processing rainfall data
PROGRESS: 5/6 - Generating training data
PROGRESS: 6/6 - Converting H5 data to CSV format
PROGRESS: 1/6 - Setting up environment
PROGRESS: 2/6 - Processing DEM data
PROGRESS: 3/6 - Processing climate data
PROGRESS: 4/6 - Processing rainfall data
PROGRESS: 5/6 - Generating training data
PROGRESS: 6/6 - Converting H5 data to CSV format
PROGRESS: 1/6 - Setting up environment
PROGRESS: 2/6 - Processing DEM data
PROGRESS: 3/6 - Processing climate data
PROGRESS: 4/6 - Processing rainfall data
PROGRESS: 5/6 - Generating training data
PROGRESS: 6/6 - Converting H5 data to CSV format
PROGRESS: 1/6 - Setting up environment
PROGRESS: 2/6 - Processing DEM data
PROGRESS: 3/6 - Processing climate data
PROGRESS: 4/6 - Processing rainfall data
PROGRESS: 5/6 - Generating training data
PROGRESS: 6/6 - Converting H5 data to CSV format
PROGRESS: 1/6 - Setting up environment
PROGRESS: 2/6 - Processing DEM data
PROGRESS: 3/6 - Processing climate data
PROGRESS: 4/6 - Processing rainfall data
PROGRESS: 5/6 - Generating training data
PROGRESS: 6/6 - Converting H5 data to CSV format
